#
# A fatal error has been detected by the Java Runtime Environment:
#
#  SIGSEGV (0xb) at pc=0x0000000106048f78, pid=4301, tid=0x0000000000004c03
#
# JRE version: Java(TM) SE Runtime Environment (8.0_92-b14) (build 1.8.0_92-b14)
# Java VM: Java HotSpot(TM) 64-Bit Server VM (25.92-b14 mixed mode bsd-amd64 compressed oops)
# Problematic frame:
# V  [libjvm.dylib+0x448f78]  Method::checked_resolve_jmethod_id(_jmethodID*)+0xe
#
# Failed to write core dump. Core dumps have been disabled. To enable core dumping, try "ulimit -c unlimited" before starting Java again
#
# If you would like to submit a bug report, please visit:
#   http://bugreport.java.com/bugreport/crash.jsp
#

---------------  T H R E A D  ---------------

Current thread (0x00007fa9fd002000):  JavaThread "JDWP Transport Listener: dt_socket" daemon [_thread_in_vm, id=19459, stack(0x0000700000fca000,0x00007000010ca000)]

siginfo: si_signo: 11 (SIGSEGV), si_code: 0 (unknown), si_addr: 0x0000000000000000

Registers:
RAX=0x0000000000000001, RBX=0x00007000010c9a8b, RCX=0x000000010641a360, RDX=0x00007000010c9a8b
RSP=0x00007000010c99d0, RBP=0x00007000010c99e0, RSI=0x00007fa9fd002000, RDI=0x6765527854656461
R8 =0x0000000000000001, R9 =0x00007fa9f97369a0, R10=0x0000000041f7b880, R11=0x00007fa9f9700000
R12=0x00007fa9fd002000, R13=0x6765527854656461, R14=0x6765527854656461, R15=0x00007fa9f9700230
RIP=0x0000000106048f78, EFLAGS=0x0000000000010202, ERR=0x0000000000000000
  TRAPNO=0x000000000000000d

Top of Stack: (sp=0x00007000010c99d0)
0x00007000010c99d0:   00007000010c9a8b 00007000010c9a8b
0x00007000010c99e0:   00007000010c9a40 0000000105f57e66
0x00007000010c99f0:   00007fa9fd002000 0000000000000000
0x00007000010c9a00:   0000000000000000 0000000000000000
0x00007000010c9a10:   00007fa9fd002000 00007fa9fd002000
0x00007000010c9a20:   00007000010c9a8b 00007000010c9a90
0x00007000010c9a30:   6765527854656461 0000000000000005
0x00007000010c9a40:   00007000010c9a60 0000000104a8d780
0x00007000010c9a50:   0000000000000001 00007000010c9b08
0x00007000010c9a60:   00007000010c9ad0 0000000104a721f3
0x00007000010c9a70:   00007000010c9aa0 00007fa9f97549a0
0x00007000010c9a80:   0000000600000032 00000009000c9b08
0x00007000010c9a90:   0000000000000000 0000000000000000
0x00007000010c9aa0:   0000000000000000 00007000010c9c90
0x00007000010c9ab0:   0000000104a94e7a 00007fa9fba1f300
0x00007000010c9ac0:   00007000010c9b08 0000000104aa0598
0x00007000010c9ad0:   00007000010c9ae0 0000000104a722ec
0x00007000010c9ae0:   00007000010c9d00 0000000104a7b898
0x00007000010c9af0:   0000305c00000013 00000000000f0200
0x00007000010c9b00:   00007fa9fba1a870 00007fa9f976e519
0x00007000010c9b10:   00007fa9000001df 00007fa9f971c4f0
0x00007000010c9b20:   000000000000012c 00007000010c9b58
0x00007000010c9b30:   00007fa9f971c4f0 0000000000000000
0x00007000010c9b40:   0000305c000001b0 00007fff00005c80
0x00007000010c9b50:   0000000000000000 a97f000006000000
0x00007000010c9b60:   0400000088ca43f9 0300000068636165
0x00007000010c9b70:   0000000000562928 f9a97f0000010000
0x00007000010c9b80:   650800000070ca43 00657461756c6176
0x00007000010c9b90:   0000562928030000 0000010000000000
0x00007000010c9ba0:   000080ca43f9a97f 72546b636f6d0a00
0x00007000010c9bb0:   2200000073656461 752f6176616a4c28
0x00007000010c9bc0:   7473694c2f6c6974 2f6176616a4c293b 

Instructions: (pc=0x0000000106048f78)
0x0000000106048f58:   40 48 48 85 c0 75 e0 30 c0 0f b6 c0 5d c3 31 c0
0x0000000106048f68:   5d c3 55 48 89 e5 53 48 83 ec 08 48 85 ff 74 24
0x0000000106048f78:   48 8b 1f 48 85 db 74 1c 48 83 fb 37 74 16 48 8b
0x0000000106048f88:   03 48 89 df ff 50 10 84 c0 b8 00 00 00 00 48 0f 

Register to memory mapping:

RAX=0x0000000000000001 is an unknown value
RBX=0x00007000010c9a8b is pointing into the stack for thread: 0x00007fa9fd002000
RCX=0x000000010641a360: UseMembar+0 in /Library/Java/JavaVirtualMachines/jdk1.8.0_92.jdk/Contents/Home/jre/lib/server/libjvm.dylib at 0x0000000105c00000
RDX=0x00007000010c9a8b is pointing into the stack for thread: 0x00007fa9fd002000
RSP=0x00007000010c99d0 is pointing into the stack for thread: 0x00007fa9fd002000
RBP=0x00007000010c99e0 is pointing into the stack for thread: 0x00007fa9fd002000
RSI=0x00007fa9fd002000 is a thread
RDI=0x6765527854656461 is an unknown value
R8 =0x0000000000000001 is an unknown value
R9 =0x00007fa9f97369a0 is an unknown value
R10=0x0000000041f7b880 is an unknown value
R11=0x00007fa9f9700000 is an unknown value
R12=0x00007fa9fd002000 is a thread
R13=0x6765527854656461 is an unknown value
R14=0x6765527854656461 is an unknown value
R15=0x00007fa9f9700230 is an unknown value


Stack: [0x0000700000fca000,0x00007000010ca000],  sp=0x00007000010c99d0,  free space=1022k
Native frames: (J=compiled Java code, j=interpreted, Vv=VM code, C=native code)
V  [libjvm.dylib+0x448f78]  Method::checked_resolve_jmethod_id(_jmethodID*)+0xe
V  [libjvm.dylib+0x357e66]  jvmti_IsMethodSynthetic+0xb2
C  [libjdwp.dylib+0x20780]  isMethodSynthetic+0x63
C  [libjdwp.dylib+0x51f3]  methods1+0x10b
C  [libjdwp.dylib+0x52ec]  methodsWithGeneric+0xe
C  [libjdwp.dylib+0xe898]  debugLoop_run+0x1ce
C  [libjdwp.dylib+0x1f6ba]  attachThread+0x4d
V  [libjvm.dylib+0x3991cc]  JvmtiAgentThread::call_start_function()+0x38
V  [libjvm.dylib+0x564c57]  JavaThread::thread_main_inner()+0x9b
V  [libjvm.dylib+0x566344]  JavaThread::run()+0x1c2
V  [libjvm.dylib+0x485bbe]  java_start(Thread*)+0xf6
C  [libsystem_pthread.dylib+0x39b1]  _pthread_body+0x83
C  [libsystem_pthread.dylib+0x392e]  _pthread_body+0x0
C  [libsystem_pthread.dylib+0x1385]  thread_start+0xd
C  0x0000000000000000


---------------  P R O C E S S  ---------------

Java Threads: ( => current thread )
  0x00007fa9f9856800 JavaThread "Service Thread" daemon [_thread_blocked, id=23043, stack(0x00007000016df000,0x00007000017df000)]
  0x00007fa9fd003000 JavaThread "C1 CompilerThread3" daemon [_thread_blocked, id=22531, stack(0x00007000015dc000,0x00007000016dc000)]
  0x00007fa9f9856000 JavaThread "C2 CompilerThread2" daemon [_thread_blocked, id=22019, stack(0x00007000014d9000,0x00007000015d9000)]
  0x00007fa9fc021000 JavaThread "C2 CompilerThread1" daemon [_thread_blocked, id=21507, stack(0x00007000013d6000,0x00007000014d6000)]
  0x00007fa9fa817000 JavaThread "C2 CompilerThread0" daemon [_thread_blocked, id=20995, stack(0x00007000012d3000,0x00007000013d3000)]
  0x00007fa9fc01c800 JavaThread "JDWP Command Reader" daemon [_thread_in_native, id=20483, stack(0x00007000011d0000,0x00007000012d0000)]
  0x00007fa9f9830800 JavaThread "JDWP Event Helper Thread" daemon [_thread_blocked, id=19971, stack(0x00007000010cd000,0x00007000011cd000)]
=>0x00007fa9fd002000 JavaThread "JDWP Transport Listener: dt_socket" daemon [_thread_in_vm, id=19459, stack(0x0000700000fca000,0x00007000010ca000)]
  0x00007fa9fb01d800 JavaThread "Signal Dispatcher" daemon [_thread_blocked, id=18707, stack(0x0000700000ec7000,0x0000700000fc7000)]
  0x00007fa9fc016800 JavaThread "Finalizer" daemon [_thread_blocked, id=14339, stack(0x0000700000c3b000,0x0000700000d3b000)]
  0x00007fa9fa810800 JavaThread "Reference Handler" daemon [_thread_blocked, id=13827, stack(0x0000700000b38000,0x0000700000c38000)]
  0x00007fa9fa004000 JavaThread "main" [_thread_blocked, id=5891, stack(0x000070000011a000,0x000070000021a000)]

Other Threads:
  0x00007fa9f9845000 VMThread [stack: 0x0000700000a35000,0x0000700000b35000] [id=13315]
  0x00007fa9fa000800 WatcherThread [stack: 0x00007000017e2000,0x00007000018e2000] [id=23555]

VM state:not at safepoint (normal execution)

VM Mutex/Monitor currently owned by a thread: None

Heap:
 PSYoungGen      total 76288K, used 48603K [0x000000076ab00000, 0x0000000770000000, 0x00000007c0000000)
  eden space 65536K, 74% used [0x000000076ab00000,0x000000076da76f90,0x000000076eb00000)
  from space 10752K, 0% used [0x000000076f580000,0x000000076f580000,0x0000000770000000)
  to   space 10752K, 0% used [0x000000076eb00000,0x000000076eb00000,0x000000076f580000)
 ParOldGen       total 175104K, used 0K [0x00000006c0000000, 0x00000006cab00000, 0x000000076ab00000)
  object space 175104K, 0% used [0x00000006c0000000,0x00000006c0000000,0x00000006cab00000)
 Metaspace       used 12101K, capacity 12248K, committed 12416K, reserved 1060864K
  class space    used 1523K, capacity 1559K, committed 1664K, reserved 1048576K

Card table byte_map: [0x0000000115f57000,0x0000000116758000] byte_map_base: 0x0000000112957000

Marking Bits: (ParMarkBitMap*) 0x00000001064e8bd0
 Begin Bits: [0x0000000116cae000, 0x000000011acae000)
 End Bits:   [0x000000011acae000, 0x000000011ecae000)

Polling page: 0x0000000104a6c000

CodeCache: size=245760Kb used=3221Kb max_used=3231Kb free=242538Kb
 bounds [0x0000000106b97000, 0x0000000106ec7000, 0x0000000115b97000]
 total_blobs=1153 nmethods=787 adapters=288
 compilation: enabled

Compilation events (10 events):
Event: 1.153 Thread 0x00007fa9fd003000  784       3       java.util.Arrays$ArrayList::get (7 bytes)
Event: 1.153 Thread 0x00007fa9fd003000 nmethod 784 0x0000000106eadd90 code [0x0000000106eadf00, 0x0000000106eae090]
Event: 1.153 Thread 0x00007fa9fd003000  785       3       java.lang.String::toString (2 bytes)
Event: 1.154 Thread 0x00007fa9fd003000 nmethod 785 0x0000000106eada90 code [0x0000000106eadbe0, 0x0000000106eadd30]
Event: 1.154 Thread 0x00007fa9fd003000  786       1       java.util.SubList::access$000 (5 bytes)
Event: 1.154 Thread 0x00007fa9fd003000 nmethod 786 0x0000000106ead7d0 code [0x0000000106ead920, 0x0000000106eada10]
Event: 1.154 Thread 0x00007fa9fd003000  787       1       java.util.AbstractList$ListItr::nextIndex (5 bytes)
Event: 1.154 Thread 0x00007fa9fd003000 nmethod 787 0x0000000106ebf7d0 code [0x0000000106ebf920, 0x0000000106ebfa30]
Event: 1.154 Thread 0x00007fa9fd003000  788       1       java.util.SubList::access$200 (5 bytes)
Event: 1.154 Thread 0x00007fa9fd003000 nmethod 788 0x0000000106ebf510 code [0x0000000106ebf660, 0x0000000106ebf750]

GC Heap History (0 events):
No events

Deoptimization events (4 events):
Event: 0.561 Thread 0x00007fa9fa004000 Uncommon trap: reason=unstable_if action=reinterpret pc=0x0000000106de0760 method=java.lang.String.lastIndexOf([CII[CIII)I @ 66
Event: 0.851 Thread 0x00007fa9fa004000 Uncommon trap: reason=unstable_if action=reinterpret pc=0x0000000106d64794 method=sun.misc.MetaIndex.mayContain(Ljava/lang/String;)Z @ 38
Event: 0.872 Thread 0x00007fa9fa004000 Uncommon trap: reason=range_check action=make_not_entrant pc=0x0000000106e17774 method=sun.reflect.generics.parser.SignatureParser.current()C @ 34
Event: 0.951 Thread 0x00007fa9fa004000 Uncommon trap: reason=unstable_if action=reinterpret pc=0x0000000106d30610 method=java.lang.String.indexOf([CII[CIII)I @ 3

Internal exceptions (10 events):
Event: 0.874 Thread 0x00007fa9fa004000 Exception <a 'java/lang/ArrayIndexOutOfBoundsException': 110> (0x000000076d2bad60) thrown at [/Users/java_re/workspace/8-2-build-macosx-x86_64/jdk8u92/6642/hotspot/src/share/vm/interpreter/interpreterRuntime.cpp, line 366]
Event: 0.875 Thread 0x00007fa9fa004000 Exception <a 'java/lang/ArrayIndexOutOfBoundsException': 107> (0x000000076d2bc948) thrown at [/Users/java_re/workspace/8-2-build-macosx-x86_64/jdk8u92/6642/hotspot/src/share/vm/interpreter/interpreterRuntime.cpp, line 366]
Event: 0.875 Thread 0x00007fa9fa004000 Exception <a 'java/lang/ArrayIndexOutOfBoundsException': 90> (0x000000076d2be1e0) thrown at [/Users/java_re/workspace/8-2-build-macosx-x86_64/jdk8u92/6642/hotspot/src/share/vm/interpreter/interpreterRuntime.cpp, line 366]
Event: 0.875 Thread 0x00007fa9fa004000 Exception <a 'java/lang/ArrayIndexOutOfBoundsException': 104> (0x000000076d2bfb50) thrown at [/Users/java_re/workspace/8-2-build-macosx-x86_64/jdk8u92/6642/hotspot/src/share/vm/interpreter/interpreterRuntime.cpp, line 366]
Event: 0.876 Thread 0x00007fa9fa004000 Exception <a 'java/lang/ArrayIndexOutOfBoundsException': 109> (0x000000076d2c15a0) thrown at [/Users/java_re/workspace/8-2-build-macosx-x86_64/jdk8u92/6642/hotspot/src/share/vm/interpreter/interpreterRuntime.cpp, line 366]
Event: 0.876 Thread 0x00007fa9fa004000 Exception <a 'java/lang/ArrayIndexOutOfBoundsException': 90> (0x000000076d2c2dd8) thrown at [/Users/java_re/workspace/8-2-build-macosx-x86_64/jdk8u92/6642/hotspot/src/share/vm/interpreter/interpreterRuntime.cpp, line 366]
Event: 0.876 Thread 0x00007fa9fa004000 Exception <a 'java/lang/ArrayIndexOutOfBoundsException': 114> (0x000000076d2c4860) thrown at [/Users/java_re/workspace/8-2-build-macosx-x86_64/jdk8u92/6642/hotspot/src/share/vm/interpreter/interpreterRuntime.cpp, line 366]
Event: 0.877 Thread 0x00007fa9fa004000 Exception <a 'java/lang/ArrayIndexOutOfBoundsException': 108> (0x000000076d2c6480) thrown at [/Users/java_re/workspace/8-2-build-macosx-x86_64/jdk8u92/6642/hotspot/src/share/vm/interpreter/interpreterRuntime.cpp, line 366]
Event: 0.877 Thread 0x00007fa9fa004000 Exception <a 'java/lang/ArrayIndexOutOfBoundsException': 160> (0x000000076d2c8608) thrown at [/Users/java_re/workspace/8-2-build-macosx-x86_64/jdk8u92/6642/hotspot/src/share/vm/interpreter/interpreterRuntime.cpp, line 366]
Event: 0.878 Thread 0x00007fa9fa004000 Exception <a 'java/lang/ArrayIndexOutOfBoundsException': 139> (0x000000076d2ca258) thrown at [/Users/java_re/workspace/8-2-build-macosx-x86_64/jdk8u92/6642/hotspot/src/share/vm/interpreter/interpreterRuntime.cpp, line 366]

Events (10 events):
Event: 336.926 Executing VM operation: ChangeBreakpoints
Event: 336.927 Executing VM operation: ChangeBreakpoints done
Event: 336.929 Executing VM operation: ChangeBreakpoints
Event: 336.930 Executing VM operation: ChangeBreakpoints done
Event: 336.932 Executing VM operation: ChangeBreakpoints
Event: 336.933 Executing VM operation: ChangeBreakpoints done
Event: 336.946 Executing VM operation: ForceSafepoint
Event: 336.946 Executing VM operation: ForceSafepoint done
Event: 336.948 Executing VM operation: ForceSafepoint
Event: 336.948 Executing VM operation: ForceSafepoint done


Dynamic libraries:
0x0000000009fa6000 	/System/Library/Frameworks/Cocoa.framework/Versions/A/Cocoa
0x0000000009fa6000 	/System/Library/Frameworks/Security.framework/Versions/A/Security
0x0000000009fa6000 	/System/Library/Frameworks/ApplicationServices.framework/Versions/A/ApplicationServices
0x0000000009fa6000 	/usr/lib/libz.1.dylib
0x0000000009fa6000 	/usr/lib/libSystem.B.dylib
0x0000000009fa6000 	/usr/lib/libobjc.A.dylib
0x0000000009fa6000 	/System/Library/Frameworks/CoreFoundation.framework/Versions/A/CoreFoundation
0x0000000009fa6000 	/System/Library/Frameworks/Foundation.framework/Versions/C/Foundation
0x0000000009fa6000 	/System/Library/Frameworks/AppKit.framework/Versions/C/AppKit
0x0000000009fa6000 	/System/Library/Frameworks/CoreData.framework/Versions/A/CoreData
0x0000000009fa6000 	/System/Library/PrivateFrameworks/RemoteViewServices.framework/Versions/A/RemoteViewServices
0x0000000009fa6000 	/System/Library/PrivateFrameworks/UIFoundation.framework/Versions/A/UIFoundation
0x0000000009fa6000 	/usr/lib/libScreenReader.dylib
0x0000000009fa6000 	/System/Library/Frameworks/Accelerate.framework/Versions/A/Accelerate
0x0000000009fa6000 	/System/Library/Frameworks/IOSurface.framework/Versions/A/IOSurface
0x0000000009fa6000 	/System/Library/Frameworks/AudioToolbox.framework/Versions/A/AudioToolbox
0x0000000009fa6000 	/System/Library/Frameworks/AudioUnit.framework/Versions/A/AudioUnit
0x0000000009fa6000 	/System/Library/PrivateFrameworks/DataDetectorsCore.framework/Versions/A/DataDetectorsCore
0x0000000009fa6000 	/System/Library/PrivateFrameworks/DesktopServicesPriv.framework/Versions/A/DesktopServicesPriv
0x0000000009fa6000 	/System/Library/Frameworks/Carbon.framework/Versions/A/Frameworks/HIToolbox.framework/Versions/A/HIToolbox
0x0000000009fa6000 	/System/Library/Frameworks/QuartzCore.framework/Versions/A/QuartzCore
0x0000000009fa6000 	/System/Library/Frameworks/Carbon.framework/Versions/A/Frameworks/SpeechRecognition.framework/Versions/A/SpeechRecognition
0x0000000009fa6000 	/usr/lib/libauto.dylib
0x0000000009fa6000 	/usr/lib/libicucore.A.dylib
0x0000000009fa6000 	/usr/lib/libxml2.2.dylib
0x0000000009fa6000 	/System/Library/PrivateFrameworks/CoreUI.framework/Versions/A/CoreUI
0x0000000009fa6000 	/System/Library/Frameworks/CoreAudio.framework/Versions/A/CoreAudio
0x0000000009fa6000 	/System/Library/Frameworks/DiskArbitration.framework/Versions/A/DiskArbitration
0x0000000009fa6000 	/usr/lib/liblangid.dylib
0x0000000009fa6000 	/System/Library/PrivateFrameworks/MultitouchSupport.framework/Versions/A/MultitouchSupport
0x0000000009fa6000 	/System/Library/Frameworks/IOKit.framework/Versions/A/IOKit
0x0000000009fa6000 	/usr/lib/libDiagnosticMessagesClient.dylib
0x0000000009fa6000 	/System/Library/Frameworks/CoreServices.framework/Versions/A/CoreServices
0x0000000009fa6000 	/System/Library/PrivateFrameworks/PerformanceAnalysis.framework/Versions/A/PerformanceAnalysis
0x0000000009fa6000 	/System/Library/PrivateFrameworks/GenerationalStorage.framework/Versions/A/GenerationalStorage
0x0000000009fa6000 	/System/Library/Frameworks/OpenGL.framework/Versions/A/OpenGL
0x0000000009fa6000 	/System/Library/PrivateFrameworks/Sharing.framework/Versions/A/Sharing
0x0000000009fa6000 	/System/Library/Frameworks/CoreGraphics.framework/Versions/A/CoreGraphics
0x0000000009fa6000 	/System/Library/Frameworks/CoreImage.framework/Versions/A/CoreImage
0x0000000009fa6000 	/System/Library/Frameworks/CoreText.framework/Versions/A/CoreText
0x0000000009fa6000 	/System/Library/Frameworks/ImageIO.framework/Versions/A/ImageIO
0x0000000009fa6000 	/System/Library/PrivateFrameworks/Backup.framework/Versions/A/Backup
0x0000000009fa6000 	/usr/lib/libextension.dylib
0x0000000009fa6000 	/usr/lib/libarchive.2.dylib
0x0000000009fa6000 	/System/Library/Frameworks/CFNetwork.framework/Versions/A/CFNetwork
0x0000000009fa6000 	/System/Library/Frameworks/SystemConfiguration.framework/Versions/A/SystemConfiguration
0x0000000009fa6000 	/usr/lib/libCRFSuite.dylib
0x0000000009fa6000 	/usr/lib/libc++.1.dylib
0x0000000009fa6000 	/usr/lib/libc++abi.dylib
0x0000000009fa6000 	/usr/lib/system/libcache.dylib
0x0000000009fa6000 	/usr/lib/system/libcommonCrypto.dylib
0x0000000009fa6000 	/usr/lib/system/libcompiler_rt.dylib
0x0000000009fa6000 	/usr/lib/system/libcopyfile.dylib
0x0000000009fa6000 	/usr/lib/system/libcorecrypto.dylib
0x0000000009fa6000 	/usr/lib/system/libdispatch.dylib
0x0000000009fa6000 	/usr/lib/system/libdyld.dylib
0x0000000009fa6000 	/usr/lib/system/libkeymgr.dylib
0x0000000009fa6000 	/usr/lib/system/liblaunch.dylib
0x0000000009fa6000 	/usr/lib/system/libmacho.dylib
0x0000000009fa6000 	/usr/lib/system/libquarantine.dylib
0x0000000009fa6000 	/usr/lib/system/libremovefile.dylib
0x0000000009fa6000 	/usr/lib/system/libsystem_asl.dylib
0x0000000009fa6000 	/usr/lib/system/libsystem_blocks.dylib
0x0000000009fa6000 	/usr/lib/system/libsystem_c.dylib
0x0000000009fa6000 	/usr/lib/system/libsystem_configuration.dylib
0x0000000009fa6000 	/usr/lib/system/libsystem_coreservices.dylib
0x0000000009fa6000 	/usr/lib/system/libsystem_coretls.dylib
0x0000000009fa6000 	/usr/lib/system/libsystem_dnssd.dylib
0x0000000009fa6000 	/usr/lib/system/libsystem_info.dylib
0x0000000009fa6000 	/usr/lib/system/libsystem_kernel.dylib
0x0000000009fa6000 	/usr/lib/system/libsystem_m.dylib
0x0000000009fa6000 	/usr/lib/system/libsystem_malloc.dylib
0x0000000009fa6000 	/usr/lib/system/libsystem_network.dylib
0x0000000009fa6000 	/usr/lib/system/libsystem_networkextension.dylib
0x0000000009fa6000 	/usr/lib/system/libsystem_notify.dylib
0x0000000009fa6000 	/usr/lib/system/libsystem_platform.dylib
0x0000000009fa6000 	/usr/lib/system/libsystem_pthread.dylib
0x0000000009fa6000 	/usr/lib/system/libsystem_sandbox.dylib
0x0000000009fa6000 	/usr/lib/system/libsystem_secinit.dylib
0x0000000009fa6000 	/usr/lib/system/libsystem_trace.dylib
0x0000000009fa6000 	/usr/lib/system/libunc.dylib
0x0000000009fa6000 	/usr/lib/system/libunwind.dylib
0x0000000009fa6000 	/usr/lib/system/libxpc.dylib
0x0000000009fa6000 	/usr/lib/libenergytrace.dylib
0x0000000009fa6000 	/usr/lib/libbsm.0.dylib
0x0000000009fa6000 	/usr/lib/system/libkxld.dylib
0x0000000009fa6000 	/usr/lib/libxar.1.dylib
0x0000000009fa6000 	/usr/lib/libsqlite3.dylib
0x0000000009fa6000 	/usr/lib/libpam.2.dylib
0x0000000009fa6000 	/usr/lib/libOpenScriptingUtil.dylib
0x0000000009fa6000 	/usr/lib/libbz2.1.0.dylib
0x0000000009fa6000 	/usr/lib/liblzma.5.dylib
0x0000000009fa6000 	/System/Library/Frameworks/CoreServices.framework/Versions/A/Frameworks/FSEvents.framework/Versions/A/FSEvents
0x0000000009fa6000 	/System/Library/Frameworks/CoreServices.framework/Versions/A/Frameworks/CarbonCore.framework/Versions/A/CarbonCore
0x0000000009fa6000 	/System/Library/Frameworks/CoreServices.framework/Versions/A/Frameworks/Metadata.framework/Versions/A/Metadata
0x0000000009fa6000 	/System/Library/Frameworks/CoreServices.framework/Versions/A/Frameworks/OSServices.framework/Versions/A/OSServices
0x0000000009fa6000 	/System/Library/Frameworks/CoreServices.framework/Versions/A/Frameworks/SearchKit.framework/Versions/A/SearchKit
0x0000000009fa6000 	/System/Library/Frameworks/CoreServices.framework/Versions/A/Frameworks/AE.framework/Versions/A/AE
0x0000000009fa6000 	/System/Library/Frameworks/CoreServices.framework/Versions/A/Frameworks/LaunchServices.framework/Versions/A/LaunchServices
0x0000000009fa6000 	/System/Library/Frameworks/CoreServices.framework/Versions/A/Frameworks/DictionaryServices.framework/Versions/A/DictionaryServices
0x0000000009fa6000 	/System/Library/Frameworks/CoreServices.framework/Versions/A/Frameworks/SharedFileList.framework/Versions/A/SharedFileList
0x0000000009fa6000 	/System/Library/Frameworks/NetFS.framework/Versions/A/NetFS
0x0000000009fa6000 	/System/Library/PrivateFrameworks/NetAuth.framework/Versions/A/NetAuth
0x0000000009fa6000 	/System/Library/PrivateFrameworks/login.framework/Versions/A/Frameworks/loginsupport.framework/Versions/A/loginsupport
0x0000000009fa6000 	/System/Library/PrivateFrameworks/TCC.framework/Versions/A/TCC
0x0000000009fa6000 	/usr/lib/libmecabra.dylib
0x0000000009fa6000 	/System/Library/Frameworks/ApplicationServices.framework/Versions/A/Frameworks/ATS.framework/Versions/A/ATS
0x0000000009fa6000 	/System/Library/Frameworks/ApplicationServices.framework/Versions/A/Frameworks/ColorSync.framework/Versions/A/ColorSync
0x0000000009fa6000 	/System/Library/Frameworks/ApplicationServices.framework/Versions/A/Frameworks/HIServices.framework/Versions/A/HIServices
0x0000000009fa6000 	/System/Library/Frameworks/ApplicationServices.framework/Versions/A/Frameworks/LangAnalysis.framework/Versions/A/LangAnalysis
0x0000000009fa6000 	/System/Library/Frameworks/ApplicationServices.framework/Versions/A/Frameworks/PrintCore.framework/Versions/A/PrintCore
0x0000000009fa6000 	/System/Library/Frameworks/ApplicationServices.framework/Versions/A/Frameworks/QD.framework/Versions/A/QD
0x0000000009fa6000 	/System/Library/Frameworks/ApplicationServices.framework/Versions/A/Frameworks/SpeechSynthesis.framework/Versions/A/SpeechSynthesis
0x0000000009fa6000 	/System/Library/Frameworks/Metal.framework/Versions/A/Metal
0x0000000009fa6000 	/System/Library/Frameworks/Accelerate.framework/Versions/A/Frameworks/vImage.framework/Versions/A/vImage
0x0000000009fa6000 	/System/Library/Frameworks/Accelerate.framework/Versions/A/Frameworks/vecLib.framework/Versions/A/vecLib
0x0000000009fa6000 	/System/Library/Frameworks/Accelerate.framework/Versions/A/Frameworks/vecLib.framework/Versions/A/libvDSP.dylib
0x0000000009fa6000 	/System/Library/Frameworks/Accelerate.framework/Versions/A/Frameworks/vecLib.framework/Versions/A/libvMisc.dylib
0x0000000009fa6000 	/System/Library/Frameworks/Accelerate.framework/Versions/A/Frameworks/vecLib.framework/Versions/A/libLAPACK.dylib
0x0000000009fa6000 	/System/Library/Frameworks/Accelerate.framework/Versions/A/Frameworks/vecLib.framework/Versions/A/libBLAS.dylib
0x0000000009fa6000 	/System/Library/Frameworks/Accelerate.framework/Versions/A/Frameworks/vecLib.framework/Versions/A/libLinearAlgebra.dylib
0x0000000009fa6000 	/System/Library/Frameworks/Accelerate.framework/Versions/A/Frameworks/vecLib.framework/Versions/A/libSparseBLAS.dylib
0x0000000009fa6000 	/System/Library/PrivateFrameworks/GPUCompiler.framework/libmetal_timestamp.dylib
0x0000000009fa6000 	/System/Library/Frameworks/OpenGL.framework/Versions/A/Libraries/libCoreFSCache.dylib
0x0000000009fa6000 	/System/Library/PrivateFrameworks/IOAccelerator.framework/Versions/A/IOAccelerator
0x0000000009fa6000 	/System/Library/Frameworks/ApplicationServices.framework/Versions/A/Frameworks/ATS.framework/Versions/A/Resources/libFontParser.dylib
0x0000000009fa6000 	/System/Library/Frameworks/ApplicationServices.framework/Versions/A/Frameworks/ATS.framework/Versions/A/Resources/libFontRegistry.dylib
0x0000000009fa6000 	/System/Library/PrivateFrameworks/AppleVPA.framework/Versions/A/AppleVPA
0x0000000009fa6000 	/System/Library/PrivateFrameworks/AppleJPEG.framework/Versions/A/AppleJPEG
0x0000000009fa6000 	/System/Library/Frameworks/ImageIO.framework/Versions/A/Resources/libJPEG.dylib
0x0000000009fa6000 	/System/Library/Frameworks/ImageIO.framework/Versions/A/Resources/libTIFF.dylib
0x0000000009fa6000 	/System/Library/Frameworks/ImageIO.framework/Versions/A/Resources/libPng.dylib
0x0000000009fa6000 	/System/Library/Frameworks/ImageIO.framework/Versions/A/Resources/libGIF.dylib
0x0000000009fa6000 	/System/Library/Frameworks/ImageIO.framework/Versions/A/Resources/libJP2.dylib
0x0000000009fa6000 	/System/Library/Frameworks/ImageIO.framework/Versions/A/Resources/libRadiance.dylib
0x0000000009fa6000 	/System/Library/Frameworks/CoreVideo.framework/Versions/A/CoreVideo
0x0000000009fa6000 	/System/Library/Frameworks/OpenGL.framework/Versions/A/Libraries/libGLU.dylib
0x0000000009fa6000 	/System/Library/Frameworks/OpenGL.framework/Versions/A/Libraries/libGFXShared.dylib
0x0000000009fa6000 	/System/Library/Frameworks/OpenGL.framework/Versions/A/Libraries/libGL.dylib
0x0000000009fa6000 	/System/Library/Frameworks/OpenGL.framework/Versions/A/Libraries/libGLImage.dylib
0x0000000009fa6000 	/System/Library/Frameworks/OpenGL.framework/Versions/A/Libraries/libCVMSPluginSupport.dylib
0x0000000009fa6000 	/System/Library/Frameworks/OpenGL.framework/Versions/A/Libraries/libCoreVMClient.dylib
0x0000000009fa6000 	/usr/lib/libcups.2.dylib
0x0000000009fa6000 	/System/Library/Frameworks/Kerberos.framework/Versions/A/Kerberos
0x0000000009fa6000 	/System/Library/Frameworks/GSS.framework/Versions/A/GSS
0x0000000009fa6000 	/usr/lib/libresolv.9.dylib
0x0000000009fa6000 	/usr/lib/libiconv.2.dylib
0x0000000009fa6000 	/System/Library/PrivateFrameworks/Heimdal.framework/Versions/A/Heimdal
0x0000000009fa6000 	/usr/lib/libheimdal-asn1.dylib
0x0000000009fa6000 	/System/Library/Frameworks/OpenDirectory.framework/Versions/A/OpenDirectory
0x0000000009fa6000 	/System/Library/PrivateFrameworks/CommonAuth.framework/Versions/A/CommonAuth
0x0000000009fa6000 	/System/Library/Frameworks/OpenDirectory.framework/Versions/A/Frameworks/CFOpenDirectory.framework/Versions/A/CFOpenDirectory
0x0000000009fa6000 	/System/Library/Frameworks/SecurityFoundation.framework/Versions/A/SecurityFoundation
0x0000000009fa6000 	/System/Library/PrivateFrameworks/LanguageModeling.framework/Versions/A/LanguageModeling
0x0000000009fa6000 	/usr/lib/libmarisa.dylib
0x0000000009fa6000 	/usr/lib/libChineseTokenizer.dylib
0x0000000009fa6000 	/usr/lib/libcmph.dylib
0x0000000009fa6000 	/usr/lib/libcompression.dylib
0x0000000009fa6000 	/System/Library/Frameworks/ServiceManagement.framework/Versions/A/ServiceManagement
0x0000000009fa6000 	/usr/lib/libxslt.1.dylib
0x0000000009fa6000 	/System/Library/Frameworks/Carbon.framework/Versions/A/Frameworks/Ink.framework/Versions/A/Ink
0x0000000009fa6000 	/usr/lib/libFosl_dynamic.dylib
0x0000000009fa6000 	/System/Library/PrivateFrameworks/FaceCore.framework/Versions/A/FaceCore
0x0000000009fa6000 	/System/Library/Frameworks/OpenCL.framework/Versions/A/OpenCL
0x0000000009fa6000 	/System/Library/PrivateFrameworks/CrashReporterSupport.framework/Versions/A/CrashReporterSupport
0x0000000009fa6000 	/System/Library/PrivateFrameworks/IconServices.framework/Versions/A/IconServices
0x0000000009fa6000 	/System/Library/PrivateFrameworks/Apple80211.framework/Versions/A/Apple80211
0x0000000009fa6000 	/System/Library/Frameworks/CoreWLAN.framework/Versions/A/CoreWLAN
0x0000000009fa6000 	/System/Library/Frameworks/IOBluetooth.framework/Versions/A/IOBluetooth
0x0000000009fa6000 	/System/Library/PrivateFrameworks/CoreWiFi.framework/Versions/A/CoreWiFi
0x0000000009fa6000 	/System/Library/Frameworks/CoreBluetooth.framework/Versions/A/CoreBluetooth
0x0000000009fa6000 	/System/Library/PrivateFrameworks/ChunkingLibrary.framework/Versions/A/ChunkingLibrary
0x0000000009fa6000 	/System/Library/PrivateFrameworks/DebugSymbols.framework/Versions/A/DebugSymbols
0x0000000009fa6000 	/System/Library/PrivateFrameworks/CoreSymbolication.framework/Versions/A/CoreSymbolication
0x0000000009fa6000 	/System/Library/PrivateFrameworks/Symbolication.framework/Versions/A/Symbolication
0x0000000009fa6000 	/System/Library/PrivateFrameworks/SpeechRecognitionCore.framework/Versions/A/SpeechRecognitionCore
0x0000000105c00000 	/Library/Java/JavaVirtualMachines/jdk1.8.0_92.jdk/Contents/Home/jre/lib/server/libjvm.dylib
0x0000000009fa6000 	/usr/lib/libstdc++.6.dylib
0x0000000104a29000 	/Library/Java/JavaVirtualMachines/jdk1.8.0_92.jdk/Contents/Home/jre/lib/libverify.dylib
0x0000000104a37000 	/Library/Java/JavaVirtualMachines/jdk1.8.0_92.jdk/Contents/Home/jre/lib/libjava.dylib
0x0000000104a6d000 	/Library/Java/JavaVirtualMachines/jdk1.8.0_92.jdk/Contents/Home/jre/lib/libjdwp.dylib
0x0000000104ab8000 	/Library/Java/JavaVirtualMachines/jdk1.8.0_92.jdk/Contents/Home/jre/lib/libnpt.dylib
0x0000000104ac5000 	/Library/Java/JavaVirtualMachines/jdk1.8.0_92.jdk/Contents/Home/jre/lib/libzip.dylib
0x0000000121b28000 	/System/Library/Frameworks/JavaVM.framework/Frameworks/JavaRuntimeSupport.framework/JavaRuntimeSupport
0x0000000121b43000 	/System/Library/Frameworks/JavaVM.framework/Versions/A/Frameworks/JavaNativeFoundation.framework/Versions/A/JavaNativeFoundation
0x0000000104bf3000 	/System/Library/Frameworks/JavaVM.framework/Versions/A/JavaVM
0x0000000009fa6000 	/System/Library/Frameworks/Carbon.framework/Versions/A/Carbon
0x0000000121b58000 	/System/Library/PrivateFrameworks/JavaLaunching.framework/Versions/A/JavaLaunching
0x0000000009fa6000 	/System/Library/Frameworks/Carbon.framework/Versions/A/Frameworks/CommonPanels.framework/Versions/A/CommonPanels
0x0000000009fa6000 	/System/Library/Frameworks/Carbon.framework/Versions/A/Frameworks/Help.framework/Versions/A/Help
0x0000000009fa6000 	/System/Library/Frameworks/Carbon.framework/Versions/A/Frameworks/ImageCapture.framework/Versions/A/ImageCapture
0x0000000009fa6000 	/System/Library/Frameworks/Carbon.framework/Versions/A/Frameworks/OpenScripting.framework/Versions/A/OpenScripting
0x0000000009fa6000 	/System/Library/Frameworks/Carbon.framework/Versions/A/Frameworks/Print.framework/Versions/A/Print
0x0000000009fa6000 	/System/Library/Frameworks/Carbon.framework/Versions/A/Frameworks/SecurityHI.framework/Versions/A/SecurityHI
0x0000000123479000 	/Library/Java/JavaVirtualMachines/jdk1.8.0_92.jdk/Contents/Home/jre/lib/libdt_socket.dylib
0x0000000123a09000 	/Library/Java/JavaVirtualMachines/jdk1.8.0_92.jdk/Contents/Home/jre/lib/libmanagement.dylib
0x0000000123c17000 	/Library/Java/JavaVirtualMachines/jdk1.8.0_92.jdk/Contents/Home/jre/lib/libnet.dylib
0x0000000123f66000 	/Library/Java/JavaVirtualMachines/jdk1.8.0_92.jdk/Contents/Home/jre/lib/libnio.dylib

VM Arguments:
jvm_args: -agentlib:jdwp=transport=dt_socket,address=127.0.0.1:63827,suspend=y,server=n -ea -Didea.junit.sm_runner -Dfile.encoding=UTF-8 
java_command: com.intellij.rt.execution.junit.JUnitStarter -ideVersion5 io.my.stockmarket.metrics.VWAPFinOpTest
java_class_path (initial): /Users/ego/Apps/IntelliJ IDEA 2.app/Contents/lib/idea_rt.jar:/Users/ego/Apps/IntelliJ IDEA 2.app/Contents/plugins/junit/lib/junit-rt.jar:/Library/Java/JavaVirtualMachines/jdk1.8.0_92.jdk/Contents/Home/jre/lib/charsets.jar:/Library/Java/JavaVirtualMachines/jdk1.8.0_92.jdk/Contents/Home/jre/lib/deploy.jar:/Library/Java/JavaVirtualMachines/jdk1.8.0_92.jdk/Contents/Home/jre/lib/ext/cldrdata.jar:/Library/Java/JavaVirtualMachines/jdk1.8.0_92.jdk/Contents/Home/jre/lib/ext/dnsns.jar:/Library/Java/JavaVirtualMachines/jdk1.8.0_92.jdk/Contents/Home/jre/lib/ext/jaccess.jar:/Library/Java/JavaVirtualMachines/jdk1.8.0_92.jdk/Contents/Home/jre/lib/ext/jfxrt.jar:/Library/Java/JavaVirtualMachines/jdk1.8.0_92.jdk/Contents/Home/jre/lib/ext/localedata.jar:/Library/Java/JavaVirtualMachines/jdk1.8.0_92.jdk/Contents/Home/jre/lib/ext/nashorn.jar:/Library/Java/JavaVirtualMachines/jdk1.8.0_92.jdk/Contents/Home/jre/lib/ext/sunec.jar:/Library/Java/JavaVirtualMachines/jdk1.8.0_92.jdk/Contents/Home/jre/lib/ext/sunjce_provider.jar:/Library/Java/JavaVirtualMachines/jdk1.8.0_92.jdk/Contents/Home/jre/lib/ext/sunpkcs11.jar:/Library/Java/JavaVirtualMachines/jdk1.8.0_92.jdk/Contents/Home/jre/lib/ext/zipfs.jar:/Library/Java/JavaVirtualMachines/jdk1.8.0_92.jdk/Contents/Home/jre/lib/javaws.jar:/Library/Java/JavaVirtualMachines/jdk1.8.0_92.jdk/Contents/Home/jre/lib/jce.jar:/Library/Java/JavaVirtualMachines/jdk1.8.0_92.jdk/Contents/Home/jre/lib/jfr.jar:/Library/Java/JavaVirtualMachines/jdk1.8.0_92.jdk/Contents/Home/jre/lib/jfxswt.jar:/Library/Java/JavaVirtualMachines/jdk1.8.0_92.jdk/Contents/Home/jre/lib/jsse.jar:/Library/Java/JavaVirtualMachines/jdk1.8.0_92.jdk/Contents/Home/jre/lib/management-agent.jar:/Library/Java/JavaVirtualMachines/jdk1.8.0_92.jdk/Contents/Home/jre/lib/plugin.jar:/Library/Java/JavaVirtualMachines/jdk1.8.0_92.jdk/Contents/Home/jre/lib/resources.jar:/Library/Java/JavaVirtualMachines/jdk1.8.0_92.jdk/Contents/Home/jre/lib/rt.jar:/Library/Java/JavaVirtualMachine
Launcher Type: SUN_STANDARD

Environment Variables:
JAVA_HOME=/Library/Java/JavaVirtualMachines/jdk1.8.0_92.jdk/Contents/Home
PATH=/usr/local/bin:/usr/bin:/bin:/usr/sbin:/sbin:/Library/Java/JavaVirtualMachines/jdk1.8.0_92.jdk/Contents/Home/bin:/Users/ego/Apps/Maven/apache-maven-3.3.9/bin
SHELL=/bin/bash

Signal Handlers:
SIGSEGV: [libjvm.dylib+0x5aa779], sa_mask[0]=11111111011111110111111111111111, sa_flags=SA_ONSTACK|SA_RESTART|SA_SIGINFO
SIGBUS: [libjvm.dylib+0x5aa779], sa_mask[0]=11111111011111110111111111111111, sa_flags=SA_RESTART|SA_SIGINFO
SIGFPE: [libjvm.dylib+0x4831d0], sa_mask[0]=11111111011111110111111111111111, sa_flags=SA_RESTART|SA_SIGINFO
SIGPIPE: [libjvm.dylib+0x4831d0], sa_mask[0]=11111111011111110111111111111111, sa_flags=SA_RESTART|SA_SIGINFO
SIGXFSZ: [libjvm.dylib+0x4831d0], sa_mask[0]=11111111011111110111111111111111, sa_flags=SA_RESTART|SA_SIGINFO
SIGILL: [libjvm.dylib+0x4831d0], sa_mask[0]=11111111011111110111111111111111, sa_flags=SA_RESTART|SA_SIGINFO
SIGUSR1: SIG_DFL, sa_mask[0]=00000000000000000000000000000000, sa_flags=none
SIGUSR2: [libjvm.dylib+0x482cee], sa_mask[0]=00100000000000000000000000000000, sa_flags=SA_RESTART|SA_SIGINFO
SIGHUP: [libjvm.dylib+0x4812c5], sa_mask[0]=11111111011111110111111111111111, sa_flags=SA_RESTART|SA_SIGINFO
SIGINT: [libjvm.dylib+0x4812c5], sa_mask[0]=11111111011111110111111111111111, sa_flags=SA_RESTART|SA_SIGINFO
SIGTERM: [libjvm.dylib+0x4812c5], sa_mask[0]=11111111011111110111111111111111, sa_flags=SA_RESTART|SA_SIGINFO
SIGQUIT: [libjvm.dylib+0x4812c5], sa_mask[0]=11111111011111110111111111111111, sa_flags=SA_RESTART|SA_SIGINFO


---------------  S Y S T E M  ---------------

OS:Bsduname:Darwin 15.0.0 Darwin Kernel Version 15.0.0: Sat Sep 19 15:53:46 PDT 2015; root:xnu-3247.10.11~1/RELEASE_X86_64 x86_64
rlimit: STACK 8192k, CORE 0k, NPROC 709, NOFILE 10240, AS infinity
load average:2.45 2.42 2.32

CPU:total 8 (4 cores per cpu, 2 threads per core) family 6 model 70 stepping 1, cmov, cx8, fxsr, mmx, sse, sse2, sse3, ssse3, sse4.1, sse4.2, popcnt, avx, avx2, aes, clmul, erms, lzcnt, ht, tsc, tscinvbit, bmi1, bmi2

Memory: 4k page, physical 16777216k(489536k free)

/proc/meminfo:


vm_info: Java HotSpot(TM) 64-Bit Server VM (25.92-b14) for bsd-amd64 JRE (1.8.0_92-b14), built on Mar 31 2016 21:23:14 by "java_re" with gcc 4.2.1 (Based on Apple Inc. build 5658) (LLVM build 2336.11.00)

time: Sun Jul 17 20:44:50 2016
elapsed time: 336 seconds (0d 0h 5m 36s)

