// Spring Shell 1.2.0.M1 log opened at 2016-06-27 20:42:20
help
version
cls
cls
clear
cls
quit
// Spring Shell 1.2.0.M1 log closed at 2016-06-27 20:43:48
// Spring Shell 1.2.0.M1 log opened at 2016-06-27 20:44:17
hel
he
cls
// Spring Shell 1.2.0.M1 log opened at 2016-06-27 21:03:05
quit
// Spring Shell 1.2.0.M1 log closed at 2016-06-27 21:05:07
// Spring Shell 1.2.0.M1 log opened at 2016-06-27 21:05:41
help
// Spring Shell 1.2.0.M1 log opened at 2016-06-27 21:07:09
help
exit
// Spring Shell 1.2.0.M1 log closed at 2016-06-27 21:07:39
// Spring Shell 1.2.0.M1 log opened at 2016-06-27 21:07:48
help
exit
// Spring Shell 1.2.0.M1 log closed at 2016-06-27 21:07:56
// Spring Shell 1.2.0.M1 log opened at 2016-06-27 23:06:50
help
quit
// Spring Shell 1.2.0.M1 log closed at 2016-06-27 23:08:25
// Spring Shell 1.2.0.M1 log opened at 2016-06-27 23:14:24
help
quit
// Spring Shell 1.2.0.M1 log closed at 2016-06-27 23:19:08
// Spring Shell 1.2.0.M1 log opened at 2016-06-27 23:19:18
// Spring Shell 1.2.0.M1 log opened at 2016-06-27 23:29:59
help
quit
// Spring Shell 1.2.0.M1 log closed at 2016-06-27 23:30:31
// Spring Shell 1.2.0.M1 log opened at 2016-06-27 23:31:19
help
// Spring Shell 1.2.0.M1 log opened at 2016-06-27 23:41:42
// Spring Shell 1.2.0.M1 log opened at 2016-06-27 23:44:15
// Spring Shell 1.2.0.M1 log opened at 2016-06-27 23:46:01
// Spring Shell 1.2.0.M1 log opened at 2016-06-27 23:47:04
help
// Spring Shell 1.2.0.M1 log opened at 2016-06-27 23:59:04
help
stocks
// Spring Shell 1.2.0.M1 log opened at 2016-07-06 19:17:59
// Spring Shell 1.2.0.M1 log opened at 2016-07-06 19:50:53
// Spring Shell 1.2.0.M1 log opened at 2016-07-06 19:51:40
// Spring Shell 1.2.0.M1 log opened at 2016-07-06 19:52:33
help
// Spring Shell 1.2.0.M1 log opened at 2016-07-06 19:55:24
help
// Spring Shell 1.2.0.M1 log opened at 2016-07-06 20:05:08
help
stocks
// Spring Shell 1.2.0.M1 log opened at 2016-07-06 20:10:21
help
finops
// Spring Shell 1.2.0.M1 log opened at 2016-07-06 20:11:51
help
finops
// Spring Shell 1.2.0.M1 log opened at 2016-07-06 20:14:49
help
finops
// Spring Shell 1.2.0.M1 log opened at 2016-07-06 20:48:41
help
// [failed] finops
// Spring Shell 1.2.0.M1 log opened at 2016-07-06 20:49:42
help
// Spring Shell 1.2.0.M1 log opened at 2016-07-06 20:55:57
// Spring Shell 1.2.0.M1 log opened at 2016-07-06 21:18:58
// Spring Shell 1.2.0.M1 log opened at 2016-07-06 21:20:49
help
// Spring Shell 1.2.0.M1 log opened at 2016-07-06 21:22:34
// Spring Shell 1.2.0.M1 log opened at 2016-07-06 21:23:20
// Spring Shell 1.2.0.M1 log opened at 2016-07-06 21:27:11
// Spring Shell 1.2.0.M1 log opened at 2016-07-06 21:30:38
// Spring Shell 1.2.0.M1 log opened at 2016-07-06 21:31:17
// Spring Shell 1.2.0.M1 log opened at 2016-07-06 21:31:45
// Spring Shell 1.2.0.M1 log opened at 2016-07-06 21:33:27
// Spring Shell 1.2.0.M1 log opened at 2016-07-07 00:43:55
// Spring Shell 1.2.0.M1 log opened at 2016-07-07 00:45:06
// Spring Shell 1.2.0.M1 log opened at 2016-07-07 01:07:23
help
// Spring Shell 1.2.0.M1 log opened at 2016-07-07 01:07:58
// Spring Shell 1.2.0.M1 log opened at 2016-07-07 01:13:05
// Spring Shell 1.2.0.M1 log opened at 2016-07-07 01:42:58
// Spring Shell 1.2.0.M1 log opened at 2016-07-07 01:43:16
help
// Spring Shell 1.2.0.M1 log opened at 2016-07-07 01:43:45
help
// Spring Shell 1.2.0.M1 log opened at 2016-07-07 01:44:38
help
// Spring Shell 1.2.0.M1 log opened at 2016-07-07 01:45:20
help
finops
// Spring Shell 1.2.0.M1 log opened at 2016-07-07 01:45:56
help
stocks
// Spring Shell 1.2.0.M1 log opened at 2016-07-07 01:55:22
help
finops
// Spring Shell 1.2.0.M1 log opened at 2016-07-07 11:07:05
help
finops
